2018-03-20 11:40:30 ErrorLevel:2, E_WARNING: The magic method __callStatic() must have public visibility and be static in E:\github\process\ez\core\Model.php at line 176
2018-03-20 11:55:30 ErrorLevel:2, E_WARNING: The magic method __callStatic() must have public visibility and be static in E:\github\process\ez\core\Model.php at line 176
2018-03-20 11:55:47 ErrorLevel:2, E_WARNING: The magic method __callStatic() must have public visibility and be static in E:\github\process\ez\core\Model.php at line 176
2018-03-20 12:00:17 ErrorLevel:2, E_WARNING: The magic method __callStatic() must have public visibility and be static in E:\github\process\ez\core\Model.php at line 176
2018-03-20 12:00:53 ErrorLevel:2, E_WARNING: The magic method __callStatic() must have public visibility and be static in E:\github\process\ez\core\Model.php at line 176
2018-03-20 12:02:03 ErrorLevel:2, E_WARNING: The magic method __callStatic() must have public visibility and be static in E:\github\process\ez\core\Model.php at line 176
2018-03-20 12:02:54 ErrorLevel:2, E_WARNING: The magic method __callStatic() must have public visibility and be static in E:\github\process\ez\core\Model.php at line 176
2018-03-20 13:03:10 ErrorLevel:2, E_WARNING: The magic method __callStatic() must have public visibility and be static in E:\github\process\ez\core\Model.php at line 176
2018-03-20 13:11:24 ErrorLevel:2, E_WARNING: The magic method __callStatic() must have public visibility and be static in E:\github\process\ez\core\Model.php at line 176
2018-03-20 13:11:58 ErrorLevel:2, E_WARNING: The magic method __callStatic() must have public visibility and be static in E:\github\process\ez\core\Model.php at line 176
2018-03-20 13:12:00 ErrorLevel:2, E_WARNING: The magic method __callStatic() must have public visibility and be static in E:\github\process\ez\core\Model.php at line 176
2018-03-20 13:12:13 ErrorLevel:2, E_WARNING: The magic method __callStatic() must have public visibility and be static in E:\github\process\ez\core\Model.php at line 176
2018-03-20 13:12:14 ErrorLevel:2, E_WARNING: The magic method __callStatic() must have public visibility and be static in E:\github\process\ez\core\Model.php at line 176
2018-03-20 13:12:14 ErrorLevel:2, E_WARNING: The magic method __callStatic() must have public visibility and be static in E:\github\process\ez\core\Model.php at line 176
2018-03-20 13:12:14 ErrorLevel:2, E_WARNING: The magic method __callStatic() must have public visibility and be static in E:\github\process\ez\core\Model.php at line 176
2018-03-20 13:12:14 ErrorLevel:2, E_WARNING: The magic method __callStatic() must have public visibility and be static in E:\github\process\ez\core\Model.php at line 176
2018-03-20 13:12:14 ErrorLevel:2, E_WARNING: The magic method __callStatic() must have public visibility and be static in E:\github\process\ez\core\Model.php at line 176
2018-03-20 13:12:15 ErrorLevel:2, E_WARNING: The magic method __callStatic() must have public visibility and be static in E:\github\process\ez\core\Model.php at line 176
2018-03-20 13:12:15 ErrorLevel:2, E_WARNING: The magic method __callStatic() must have public visibility and be static in E:\github\process\ez\core\Model.php at line 176
2018-03-20 13:12:15 ErrorLevel:2, E_WARNING: The magic method __callStatic() must have public visibility and be static in E:\github\process\ez\core\Model.php at line 176
2018-03-20 13:12:15 ErrorLevel:2, E_WARNING: The magic method __callStatic() must have public visibility and be static in E:\github\process\ez\core\Model.php at line 176
2018-03-20 13:12:16 ErrorLevel:2, E_WARNING: The magic method __callStatic() must have public visibility and be static in E:\github\process\ez\core\Model.php at line 176
2018-03-20 13:12:16 ErrorLevel:2, E_WARNING: The magic method __callStatic() must have public visibility and be static in E:\github\process\ez\core\Model.php at line 176
2018-03-20 13:12:16 ErrorLevel:2, E_WARNING: The magic method __callStatic() must have public visibility and be static in E:\github\process\ez\core\Model.php at line 176
2018-03-20 13:12:16 ErrorLevel:2, E_WARNING: The magic method __callStatic() must have public visibility and be static in E:\github\process\ez\core\Model.php at line 176
2018-03-20 13:12:17 ErrorLevel:2, E_WARNING: The magic method __callStatic() must have public visibility and be static in E:\github\process\ez\core\Model.php at line 176
2018-03-20 13:12:17 ErrorLevel:2, E_WARNING: The magic method __callStatic() must have public visibility and be static in E:\github\process\ez\core\Model.php at line 176
2018-03-20 13:12:17 ErrorLevel:2, E_WARNING: The magic method __callStatic() must have public visibility and be static in E:\github\process\ez\core\Model.php at line 176
2018-03-20 13:12:18 ErrorLevel:2, E_WARNING: The magic method __callStatic() must have public visibility and be static in E:\github\process\ez\core\Model.php at line 176
2018-03-20 13:12:18 ErrorLevel:2, E_WARNING: The magic method __callStatic() must have public visibility and be static in E:\github\process\ez\core\Model.php at line 176
2018-03-20 13:12:18 ErrorLevel:2, E_WARNING: The magic method __callStatic() must have public visibility and be static in E:\github\process\ez\core\Model.php at line 176
2018-03-20 13:12:18 ErrorLevel:2, E_WARNING: The magic method __callStatic() must have public visibility and be static in E:\github\process\ez\core\Model.php at line 176
2018-03-20 13:12:19 ErrorLevel:2, E_WARNING: The magic method __callStatic() must have public visibility and be static in E:\github\process\ez\core\Model.php at line 176
2018-03-20 13:12:19 ErrorLevel:2, E_WARNING: The magic method __callStatic() must have public visibility and be static in E:\github\process\ez\core\Model.php at line 176
2018-03-20 13:12:19 ErrorLevel:2, E_WARNING: The magic method __callStatic() must have public visibility and be static in E:\github\process\ez\core\Model.php at line 176
2018-03-20 13:12:19 ErrorLevel:2, E_WARNING: The magic method __callStatic() must have public visibility and be static in E:\github\process\ez\core\Model.php at line 176
2018-03-20 13:12:20 ErrorLevel:2, E_WARNING: The magic method __callStatic() must have public visibility and be static in E:\github\process\ez\core\Model.php at line 176
2018-03-20 13:12:20 ErrorLevel:2, E_WARNING: The magic method __callStatic() must have public visibility and be static in E:\github\process\ez\core\Model.php at line 176
2018-03-20 13:12:20 ErrorLevel:2, E_WARNING: The magic method __callStatic() must have public visibility and be static in E:\github\process\ez\core\Model.php at line 176
2018-03-20 13:12:20 ErrorLevel:2, E_WARNING: The magic method __callStatic() must have public visibility and be static in E:\github\process\ez\core\Model.php at line 176
2018-03-20 13:12:20 ErrorLevel:2, E_WARNING: The magic method __callStatic() must have public visibility and be static in E:\github\process\ez\core\Model.php at line 176
2018-03-20 13:12:21 ErrorLevel:2, E_WARNING: The magic method __callStatic() must have public visibility and be static in E:\github\process\ez\core\Model.php at line 176
2018-03-20 13:12:21 ErrorLevel:2, E_WARNING: The magic method __callStatic() must have public visibility and be static in E:\github\process\ez\core\Model.php at line 176
2018-03-20 13:12:21 ErrorLevel:2, E_WARNING: The magic method __callStatic() must have public visibility and be static in E:\github\process\ez\core\Model.php at line 176
2018-03-20 13:12:21 ErrorLevel:2, E_WARNING: The magic method __callStatic() must have public visibility and be static in E:\github\process\ez\core\Model.php at line 176
2018-03-20 13:12:22 ErrorLevel:2, E_WARNING: The magic method __callStatic() must have public visibility and be static in E:\github\process\ez\core\Model.php at line 176
2018-03-20 13:12:22 ErrorLevel:2, E_WARNING: The magic method __callStatic() must have public visibility and be static in E:\github\process\ez\core\Model.php at line 176
2018-03-20 13:12:22 ErrorLevel:2, E_WARNING: The magic method __callStatic() must have public visibility and be static in E:\github\process\ez\core\Model.php at line 176
2018-03-20 13:12:22 ErrorLevel:2, E_WARNING: The magic method __callStatic() must have public visibility and be static in E:\github\process\ez\core\Model.php at line 176
2018-03-20 13:12:23 ErrorLevel:2, E_WARNING: The magic method __callStatic() must have public visibility and be static in E:\github\process\ez\core\Model.php at line 176
2018-03-20 13:12:23 ErrorLevel:2, E_WARNING: The magic method __callStatic() must have public visibility and be static in E:\github\process\ez\core\Model.php at line 176
2018-03-20 13:12:29 ErrorLevel:2, E_WARNING: The magic method __callStatic() must have public visibility and be static in E:\github\process\ez\core\Model.php at line 176
2018-03-20 13:12:29 ErrorLevel:2, E_WARNING: The magic method __callStatic() must have public visibility and be static in E:\github\process\ez\core\Model.php at line 176
2018-03-20 13:12:29 ErrorLevel:2, E_WARNING: The magic method __callStatic() must have public visibility and be static in E:\github\process\ez\core\Model.php at line 176
2018-03-20 13:12:30 ErrorLevel:2, E_WARNING: The magic method __callStatic() must have public visibility and be static in E:\github\process\ez\core\Model.php at line 176
2018-03-20 13:12:30 ErrorLevel:2, E_WARNING: The magic method __callStatic() must have public visibility and be static in E:\github\process\ez\core\Model.php at line 176
2018-03-20 13:12:30 ErrorLevel:2, E_WARNING: The magic method __callStatic() must have public visibility and be static in E:\github\process\ez\core\Model.php at line 176
2018-03-20 13:12:30 ErrorLevel:2, E_WARNING: The magic method __callStatic() must have public visibility and be static in E:\github\process\ez\core\Model.php at line 176
2018-03-20 13:12:31 ErrorLevel:2, E_WARNING: The magic method __callStatic() must have public visibility and be static in E:\github\process\ez\core\Model.php at line 176
2018-03-20 13:12:31 ErrorLevel:2, E_WARNING: The magic method __callStatic() must have public visibility and be static in E:\github\process\ez\core\Model.php at line 176
2018-03-20 13:12:32 ErrorLevel:2, E_WARNING: The magic method __callStatic() must have public visibility and be static in E:\github\process\ez\core\Model.php at line 176
2018-03-20 13:12:32 ErrorLevel:2, E_WARNING: The magic method __callStatic() must have public visibility and be static in E:\github\process\ez\core\Model.php at line 176
2018-03-20 13:12:32 ErrorLevel:2, E_WARNING: The magic method __callStatic() must have public visibility and be static in E:\github\process\ez\core\Model.php at line 176
2018-03-20 13:12:33 ErrorLevel:2, E_WARNING: The magic method __callStatic() must have public visibility and be static in E:\github\process\ez\core\Model.php at line 176
2018-03-20 13:12:33 ErrorLevel:2, E_WARNING: The magic method __callStatic() must have public visibility and be static in E:\github\process\ez\core\Model.php at line 176
2018-03-20 13:12:33 ErrorLevel:2, E_WARNING: The magic method __callStatic() must have public visibility and be static in E:\github\process\ez\core\Model.php at line 176
2018-03-20 13:12:33 ErrorLevel:2, E_WARNING: The magic method __callStatic() must have public visibility and be static in E:\github\process\ez\core\Model.php at line 176
2018-03-20 13:12:34 ErrorLevel:2, E_WARNING: The magic method __callStatic() must have public visibility and be static in E:\github\process\ez\core\Model.php at line 176
2018-03-20 13:12:34 ErrorLevel:2, E_WARNING: The magic method __callStatic() must have public visibility and be static in E:\github\process\ez\core\Model.php at line 176
2018-03-20 13:12:34 ErrorLevel:2, E_WARNING: The magic method __callStatic() must have public visibility and be static in E:\github\process\ez\core\Model.php at line 176
2018-03-20 13:12:34 ErrorLevel:2, E_WARNING: The magic method __callStatic() must have public visibility and be static in E:\github\process\ez\core\Model.php at line 176
2018-03-20 13:12:34 ErrorLevel:2, E_WARNING: The magic method __callStatic() must have public visibility and be static in E:\github\process\ez\core\Model.php at line 176
2018-03-20 13:12:35 ErrorLevel:2, E_WARNING: The magic method __callStatic() must have public visibility and be static in E:\github\process\ez\core\Model.php at line 176
2018-03-20 13:15:48 ErrorLevel:2, E_WARNING: The magic method __callStatic() must have public visibility and be static in E:\github\process\ez\core\Model.php at line 176
2018-03-20 13:17:08 ErrorLevel:2, E_WARNING: The magic method __callStatic() must have public visibility and be static in E:\github\process\ez\core\Model.php at line 176
2018-03-20 13:17:16 ErrorLevel:2, E_WARNING: The magic method __callStatic() must have public visibility and be static in E:\github\process\ez\core\Model.php at line 176
2018-03-20 13:17:24 ErrorLevel:2, E_WARNING: The magic method __callStatic() must have public visibility and be static in E:\github\process\ez\core\Model.php at line 176
2018-03-20 13:17:46 ErrorLevel:2, E_WARNING: The magic method __callStatic() must have public visibility and be static in E:\github\process\ez\core\Model.php at line 176
2018-03-20 13:18:02 ErrorLevel:2, E_WARNING: The magic method __callStatic() must have public visibility and be static in E:\github\process\ez\core\Model.php at line 176
2018-03-20 13:18:20 ErrorLevel:2, E_WARNING: The magic method __callStatic() must have public visibility and be static in E:\github\process\ez\core\Model.php at line 176
2018-03-20 13:19:58 ErrorLevel:2, E_WARNING: The magic method __callStatic() must have public visibility and be static in E:\github\process\ez\core\Model.php at line 176
2018-03-20 13:20:39 ErrorLevel:2, E_WARNING: The magic method __callStatic() must have public visibility and be static in E:\github\process\ez\core\Model.php at line 176
2018-03-20 13:23:59 ErrorLevel:2, E_WARNING: The magic method __callStatic() must have public visibility and be static in E:\github\process\ez\core\Model.php at line 176
2018-03-20 13:24:00 ErrorLevel:8, E_NOTICE: Undefined variable: city in E:\github\process\example\view\index\index.php at line 15
2018-03-20 13:24:00 ErrorLevel:2, E_WARNING: Invalid argument supplied for foreach() in E:\github\process\example\view\index\index.php at line 15
2018-03-20 13:24:00 ErrorLevel:8, E_NOTICE: Undefined variable: html in E:\github\process\example\view\index\index.php at line 69
2018-03-20 13:24:00 ErrorLevel:2, E_WARNING: The magic method __callStatic() must have public visibility and be static in E:\github\process\ez\core\Model.php at line 176
2018-03-20 13:24:01 ErrorLevel:2, E_WARNING: The magic method __callStatic() must have public visibility and be static in E:\github\process\ez\core\Model.php at line 176
2018-03-20 13:24:01 ErrorLevel:8, E_NOTICE: Undefined variable: html in E:\github\process\ez\core\Model.php at line 388
2018-03-20 13:24:02 ErrorLevel:8, E_NOTICE: Undefined variable: city in E:\github\process\example\view\index\index.php at line 15
2018-03-20 13:24:02 ErrorLevel:2, E_WARNING: Invalid argument supplied for foreach() in E:\github\process\example\view\index\index.php at line 15
2018-03-20 13:24:02 ErrorLevel:8, E_NOTICE: Undefined variable: html in E:\github\process\example\view\index\index.php at line 69
2018-03-20 13:24:03 ErrorLevel:8, E_NOTICE: Undefined variable: city in E:\github\process\example\view\index\index.php at line 15
2018-03-20 13:24:03 ErrorLevel:2, E_WARNING: Invalid argument supplied for foreach() in E:\github\process\example\view\index\index.php at line 15
2018-03-20 13:24:03 ErrorLevel:8, E_NOTICE: Undefined variable: html in E:\github\process\example\view\index\index.php at line 69
2018-03-20 13:24:04 ErrorLevel:2, E_WARNING: The magic method __callStatic() must have public visibility and be static in E:\github\process\ez\core\Model.php at line 176
2018-03-20 13:24:04 ErrorLevel:8, E_NOTICE: Undefined variable: html in E:\github\process\ez\core\Model.php at line 388
2018-03-20 13:24:05 ErrorLevel:2, E_WARNING: The magic method __callStatic() must have public visibility and be static in E:\github\process\ez\core\Model.php at line 176
2018-03-20 13:24:06 ErrorLevel:2, E_WARNING: The magic method __callStatic() must have public visibility and be static in E:\github\process\ez\core\Model.php at line 176
2018-03-20 13:24:06 ErrorLevel:8, E_NOTICE: Undefined variable: html in E:\github\process\ez\core\Model.php at line 388
2018-03-20 13:24:06 ErrorLevel:2, E_WARNING: The magic method __callStatic() must have public visibility and be static in E:\github\process\ez\core\Model.php at line 176
2018-03-20 13:24:07 ErrorLevel:2, E_WARNING: The magic method __callStatic() must have public visibility and be static in E:\github\process\ez\core\Model.php at line 176
2018-03-20 13:24:07 ErrorLevel:8, E_NOTICE: Undefined variable: html in E:\github\process\ez\core\Model.php at line 388
2018-03-20 13:24:08 ErrorLevel:2, E_WARNING: The magic method __callStatic() must have public visibility and be static in E:\github\process\ez\core\Model.php at line 176
2018-03-20 13:24:10 ErrorLevel:2, E_WARNING: The magic method __callStatic() must have public visibility and be static in E:\github\process\ez\core\Model.php at line 176
2018-03-20 13:24:13 ErrorLevel:2, E_WARNING: The magic method __callStatic() must have public visibility and be static in E:\github\process\ez\core\Model.php at line 176
2018-03-20 13:24:14 ErrorLevel:2, E_WARNING: The magic method __callStatic() must have public visibility and be static in E:\github\process\ez\core\Model.php at line 176
2018-03-20 13:24:54 ErrorLevel:2, E_WARNING: The magic method __callStatic() must have public visibility and be static in E:\github\process\ez\core\Model.php at line 176
2018-03-20 13:27:04 ErrorLevel:2, E_WARNING: The magic method __callStatic() must have public visibility and be static in E:\github\process\ez\core\Model.php at line 176
2018-03-20 13:28:19 ErrorLevel:2, E_WARNING: The magic method __callStatic() must have public visibility and be static in E:\github\process\ez\core\Model.php at line 176
2018-03-20 13:31:42 ErrorLevel:2, E_WARNING: The magic method __callStatic() must have public visibility and be static in E:\github\process\ez\core\Model.php at line 176
2018-03-20 13:32:43 ErrorLevel:2, E_WARNING: The magic method __callStatic() must have public visibility and be static in E:\github\process\ez\core\Model.php at line 176
2018-03-20 13:32:57 ErrorLevel:2, E_WARNING: The magic method __callStatic() must have public visibility and be static in E:\github\process\ez\core\Model.php at line 176
2018-03-20 13:33:41 ErrorLevel:2, E_WARNING: The magic method __callStatic() must have public visibility and be static in E:\github\process\ez\core\Model.php at line 176
2018-03-20 13:52:29 ErrorLevel:2, E_WARNING: The magic method __callStatic() must have public visibility and be static in E:\github\process\ez\core\Model.php at line 176
2018-03-20 13:52:53 ErrorLevel:2, E_WARNING: The magic method __callStatic() must have public visibility and be static in E:\github\process\ez\core\Model.php at line 176
2018-03-20 13:53:07 ErrorLevel:2, E_WARNING: The magic method __callStatic() must have public visibility and be static in E:\github\process\ez\core\Model.php at line 176
2018-03-20 13:53:10 ErrorLevel:2, E_WARNING: The magic method __callStatic() must have public visibility and be static in E:\github\process\ez\core\Model.php at line 176
2018-03-20 13:53:15 ErrorLevel:2, E_WARNING: The magic method __callStatic() must have public visibility and be static in E:\github\process\ez\core\Model.php at line 176
2018-03-20 13:53:51 ErrorLevel:2, E_WARNING: The magic method __callStatic() must have public visibility and be static in E:\github\process\ez\core\Model.php at line 176
2018-03-20 13:54:17 ErrorLevel:2, E_WARNING: The magic method __callStatic() must have public visibility and be static in E:\github\process\ez\core\Model.php at line 176
2018-03-20 13:58:55 ErrorLevel:2, E_WARNING: The magic method __callStatic() must have public visibility and be static in E:\github\process\ez\core\Model.php at line 176
2018-03-20 13:59:34 ErrorLevel:2, E_WARNING: The magic method __callStatic() must have public visibility and be static in E:\github\process\ez\core\Model.php at line 176
2018-03-20 14:01:08 ErrorLevel:2, E_WARNING: The magic method __callStatic() must have public visibility and be static in E:\github\process\ez\core\Model.php at line 176
2018-03-20 14:01:42 ErrorLevel:2, E_WARNING: The magic method __callStatic() must have public visibility and be static in E:\github\process\ez\core\Model.php at line 176
2018-03-20 14:08:34 ErrorLevel:2, E_WARNING: The magic method __callStatic() must have public visibility and be static in E:\github\process\ez\core\Model.php at line 176
2018-03-20 14:08:51 ErrorLevel:2, E_WARNING: The magic method __callStatic() must have public visibility and be static in E:\github\process\ez\core\Model.php at line 176
2018-03-20 14:09:00 ErrorLevel:2, E_WARNING: The magic method __callStatic() must have public visibility and be static in E:\github\process\ez\core\Model.php at line 176
2018-03-20 14:09:09 ErrorLevel:2, E_WARNING: The magic method __callStatic() must have public visibility and be static in E:\github\process\ez\core\Model.php at line 176
2018-03-20 14:09:12 Exception: not exist Action addmember in E:\github\process\ez\core\Application.php:41
Stack trace:
#0 E:\github\process\ez\core\Ez.php(90): ez\core\Application->run()
#1 E:\github\process\example\web\index.php(22): ez\core\Ez::start()
#2 {main}
2018-03-20 14:09:14 ErrorLevel:2, E_WARNING: The magic method __callStatic() must have public visibility and be static in E:\github\process\ez\core\Model.php at line 176
2018-03-20 14:09:20 Exception: not exist Action addmember in E:\github\process\ez\core\Application.php:41
Stack trace:
#0 E:\github\process\ez\core\Ez.php(90): ez\core\Application->run()
#1 E:\github\process\example\web\index.php(22): ez\core\Ez::start()
#2 {main}
2018-03-20 14:09:23 ErrorLevel:2, E_WARNING: The magic method __callStatic() must have public visibility and be static in E:\github\process\ez\core\Model.php at line 176
2018-03-20 14:09:24 Exception: not exist Action addmember in E:\github\process\ez\core\Application.php:41
Stack trace:
#0 E:\github\process\ez\core\Ez.php(90): ez\core\Application->run()
#1 E:\github\process\example\web\index.php(22): ez\core\Ez::start()
#2 {main}
2018-03-20 14:09:27 ErrorLevel:2, E_WARNING: The magic method __callStatic() must have public visibility and be static in E:\github\process\ez\core\Model.php at line 176
2018-03-20 14:10:24 ErrorLevel:2, E_WARNING: The magic method __callStatic() must have public visibility and be static in E:\github\process\ez\core\Model.php at line 176
2018-03-20 14:10:47 ErrorLevel:2, E_WARNING: The magic method __callStatic() must have public visibility and be static in E:\github\process\ez\core\Model.php at line 176
2018-03-20 14:47:39 ErrorLevel:2, E_WARNING: The magic method __callStatic() must have public visibility and be static in E:\github\process\ez\core\Model.php at line 176
2018-03-20 14:48:57 ErrorLevel:2, E_WARNING: The magic method __callStatic() must have public visibility and be static in E:\github\process\ez\core\Model.php at line 176
2018-03-20 14:51:50 ErrorLevel:2, E_WARNING: The magic method __callStatic() must have public visibility and be static in E:\github\process\ez\core\Model.php at line 176
2018-03-20 15:35:53 ErrorLevel:8, E_NOTICE: Undefined index: self in E:\github\process\process\flow\FlowControl.php at line 64
2018-03-20 15:35:53 ErrorLevel:8, E_NOTICE: Undefined variable: flowid in E:\github\process\process\flow\FlowControl.php at line 196
2018-03-20 15:40:01 ErrorLevel:8, E_NOTICE: Undefined index: self in E:\github\process\process\flow\FlowControl.php at line 64
2018-03-20 15:40:01 ErrorLevel:8, E_NOTICE: Undefined variable: flowid in E:\github\process\process\flow\FlowControl.php at line 196
2018-03-20 16:52:38 ErrorLevel:8, E_NOTICE: Undefined index: self in E:\github\process\process\flow\FlowControl.php at line 64
2018-03-20 16:52:39 ErrorLevel:8, E_NOTICE: Undefined variable: flowid in E:\github\process\process\flow\FlowControl.php at line 196
2018-03-20 16:54:02 ErrorLevel:8, E_NOTICE: Undefined index: self in E:\github\process\process\flow\FlowControl.php at line 64
2018-03-20 16:54:02 ErrorLevel:8, E_NOTICE: Undefined variable: flowid in E:\github\process\process\flow\FlowControl.php at line 196
2018-03-20 17:15:10 ErrorLevel:8, E_NOTICE: Undefined index: self in E:\github\process\process\flow\FlowControl.php at line 64
2018-03-20 17:15:31 ErrorLevel:8, E_NOTICE: Undefined index: self in E:\github\process\process\flow\FlowControl.php at line 64
2018-03-20 17:26:02 ErrorLevel:8, E_NOTICE: Undefined index: checkUserID in E:\github\process\process\flow\FlowControl.php at line 258
2018-03-20 17:26:02 ErrorLevel:8, E_NOTICE: Undefined index: copyUserID in E:\github\process\process\flow\FlowControl.php at line 259
2018-03-20 17:47:59 ErrorLevel:8, E_NOTICE: Undefined index: checkUserID in E:\github\process\process\flow\FlowControl.php at line 258
2018-03-20 17:47:59 ErrorLevel:8, E_NOTICE: Undefined index: copyUserID in E:\github\process\process\flow\FlowControl.php at line 259
2018-03-20 20:27:58 ErrorLevel:8, E_NOTICE: Undefined index: File in E:\github\process\process\flow\FlowControl.php at line 505
2018-03-20 20:27:58 ErrorLevel:8, E_NOTICE: Undefined variable: nowNode in E:\github\process\process\flow\FlowControl.php at line 720
2018-03-20 20:27:58 ErrorLevel:8, E_NOTICE: Undefined index:  in E:\github\process\process\flow\FlowControl.php at line 720
2018-03-20 20:27:58 ErrorLevel:8, E_NOTICE: Undefined offset: 2 in E:\github\process\process\flow\FlowControl.php at line 706
