2018-03-10 13:40:13 ErrorLevel:2, E_WARNING: The magic method __callStatic() must have public visibility and be static in E:\github\process\ez\core\Model.php at line 176
2018-03-10 13:40:13 ErrorLevel:2, E_WARNING: The magic method __callStatic() must have public visibility and be static in E:\github\process\ez\core\Model.php at line 176
2018-03-10 13:40:13 Exception: not exist Controller css in E:\github\process\ez\core\Application.php:44
Stack trace:
#0 E:\github\process\ez\core\Ez.php(90): ez\core\Application->run()
#1 E:\github\process\example\web\index.php(22): ez\core\Ez::start()
#2 {main}
2018-03-10 13:40:15 ErrorLevel:2, E_WARNING: The magic method __callStatic() must have public visibility and be static in E:\github\process\ez\core\Model.php at line 176
2018-03-10 13:40:15 Exception: not exist Controller css in E:\github\process\ez\core\Application.php:44
Stack trace:
#0 E:\github\process\ez\core\Ez.php(90): ez\core\Application->run()
#1 E:\github\process\example\web\index.php(22): ez\core\Ez::start()
#2 {main}
2018-03-10 13:40:17 ErrorLevel:2, E_WARNING: The magic method __callStatic() must have public visibility and be static in E:\github\process\ez\core\Model.php at line 176
2018-03-10 13:40:17 Exception: not exist Controller css in E:\github\process\ez\core\Application.php:44
Stack trace:
#0 E:\github\process\ez\core\Ez.php(90): ez\core\Application->run()
#1 E:\github\process\example\web\index.php(22): ez\core\Ez::start()
#2 {main}
2018-03-10 13:40:22 ErrorLevel:2, E_WARNING: The magic method __callStatic() must have public visibility and be static in E:\github\process\ez\core\Model.php at line 176
2018-03-10 13:40:22 Exception: not exist Controller css in E:\github\process\ez\core\Application.php:44
Stack trace:
#0 E:\github\process\ez\core\Ez.php(90): ez\core\Application->run()
#1 E:\github\process\example\web\index.php(22): ez\core\Ez::start()
#2 {main}
2018-03-10 13:49:30 ErrorLevel:2, E_WARNING: The magic method __callStatic() must have public visibility and be static in E:\github\process\ez\core\Model.php at line 176
2018-03-10 13:49:36 ErrorLevel:8, E_NOTICE: Undefined variable: html in E:\github\process\ez\core\Model.php at line 388
2018-03-10 13:49:38 Exception: not exist Controller css in E:\github\process\ez\core\Application.php:44
Stack trace:
#0 E:\github\process\ez\core\Ez.php(90): ez\core\Application->run()
#1 E:\github\process\example\web\index.php(22): ez\core\Ez::start()
#2 {main}
2018-03-10 13:51:50 ErrorLevel:2, E_WARNING: The magic method __callStatic() must have public visibility and be static in E:\github\process\ez\core\Model.php at line 176
2018-03-10 13:51:50 ErrorLevel:8, E_NOTICE: Undefined variable: html in E:\github\process\ez\core\Model.php at line 388
2018-03-10 13:53:27 ErrorLevel:8, E_NOTICE: Undefined index: TypeID in E:\github\process\process\flow\FlowControl.php at line 146
2018-03-10 13:53:27 ErrorLevel:8, E_NOTICE: Undefined index: FlowNodes in E:\github\process\process\flow\FlowControl.php at line 157
2018-03-10 13:53:41 ErrorLevel:8, E_NOTICE: Undefined index: TypeID in E:\github\process\process\flow\FlowControl.php at line 146
2018-03-10 13:53:41 ErrorLevel:8, E_NOTICE: Undefined index: FlowNodes in E:\github\process\process\flow\FlowControl.php at line 157
2018-03-10 17:29:25 Exception: not exist Action js in E:\github\process\ez\core\Application.php:41
Stack trace:
#0 E:\github\process\ez\core\Ez.php(90): ez\core\Application->run()
#1 E:\github\process\example\web\index.php(22): ez\core\Ez::start()
#2 {main}
2018-03-10 17:29:29 Exception: not exist Action js in E:\github\process\ez\core\Application.php:41
Stack trace:
#0 E:\github\process\ez\core\Ez.php(90): ez\core\Application->run()
#1 E:\github\process\example\web\index.php(22): ez\core\Ez::start()
#2 {main}
2018-03-10 17:29:31 Exception: not exist Action js in E:\github\process\ez\core\Application.php:41
Stack trace:
#0 E:\github\process\ez\core\Ez.php(90): ez\core\Application->run()
#1 E:\github\process\example\web\index.php(22): ez\core\Ez::start()
#2 {main}
2018-03-10 17:29:34 Exception: not exist Action js in E:\github\process\ez\core\Application.php:41
Stack trace:
#0 E:\github\process\ez\core\Ez.php(90): ez\core\Application->run()
#1 E:\github\process\example\web\index.php(22): ez\core\Ez::start()
#2 {main}
2018-03-10 17:30:00 Exception: not exist Action js in E:\github\process\ez\core\Application.php:41
Stack trace:
#0 E:\github\process\ez\core\Ez.php(90): ez\core\Application->run()
#1 E:\github\process\example\web\index.php(22): ez\core\Ez::start()
#2 {main}
2018-03-10 17:38:19 ErrorLevel:2, E_WARNING: implode(): Invalid arguments passed in E:\github\process\process\flow\FlowControl.php at line 170
2018-03-10 17:38:19 ErrorLevel:8, E_NOTICE: Undefined variable: config in E:\github\process\process\Workflow.php at line 75
2018-03-10 17:38:19 ErrorLevel:8, E_NOTICE: Undefined variable: config in E:\github\process\process\Workflow.php at line 76
2018-03-10 17:38:19 ErrorLevel:8, E_NOTICE: Undefined variable: config in E:\github\process\process\Workflow.php at line 77
2018-03-10 17:38:19 ErrorLevel:8, E_NOTICE: Undefined variable: config in E:\github\process\process\Workflow.php at line 78
2018-03-10 17:38:19 ErrorLevel:8, E_NOTICE: Undefined variable: config in E:\github\process\process\Workflow.php at line 79
2018-03-10 17:38:19 ErrorLevel:8, E_NOTICE: Undefined variable: config in E:\github\process\process\Workflow.php at line 80
2018-03-10 17:38:19 ErrorLevel:8, E_NOTICE: Undefined variable: config in E:\github\process\process\Workflow.php at line 81
2018-03-10 17:38:19 ErrorLevel:8, E_NOTICE: Undefined variable: config in E:\github\process\process\Workflow.php at line 82
2018-03-10 17:38:19 ErrorLevel:8, E_NOTICE: Undefined variable: attr in E:\github\process\process\tool\Medoo.php at line 204
2018-03-10 17:38:19 ErrorLevel:8, E_NOTICE: Undefined variable: attr in E:\github\process\process\tool\Medoo.php at line 206
2018-03-10 17:38:19 ErrorLevel:8, E_NOTICE: Undefined variable: attr in E:\github\process\process\tool\Medoo.php at line 210
2018-03-10 17:38:19 ErrorLevel:2, E_WARNING: Invalid argument supplied for foreach() in E:\github\process\process\tool\Medoo.php at line 210
2018-03-10 17:38:19 PDOException: could not find driver in E:\github\process\process\tool\Medoo.php:239
Stack trace:
#0 E:\github\process\process\Workflow.php(82): process\tool\Medoo->__construct(Array)
#1 E:\github\process\process\flow\FlowControl.php(171): process\Workflow::connectdb()
#2 E:\github\process\process\Workflow.php(58): process\flow\FlowControl::createFlow()
#3 E:\github\process\example\controller\IndexController.php(72): process\Workflow->createFlow()
#4 E:\github\process\ez\core\Application.php(39): example\controller\IndexController->addflowgo()
#5 E:\github\process\ez\core\Ez.php(90): ez\core\Application->run()
#6 E:\github\process\example\web\index.php(22): ez\core\Ez::start()
#7 {main}
2018-03-10 17:40:16 ErrorLevel:2, E_WARNING: implode(): Invalid arguments passed in E:\github\process\process\flow\FlowControl.php at line 170
2018-03-10 17:40:16 ErrorLevel:8, E_NOTICE: Undefined variable: config in E:\github\process\process\Workflow.php at line 75
2018-03-10 17:40:16 ErrorLevel:8, E_NOTICE: Undefined variable: config in E:\github\process\process\Workflow.php at line 76
2018-03-10 17:40:16 ErrorLevel:8, E_NOTICE: Undefined variable: config in E:\github\process\process\Workflow.php at line 77
2018-03-10 17:40:16 ErrorLevel:8, E_NOTICE: Undefined variable: config in E:\github\process\process\Workflow.php at line 78
2018-03-10 17:40:16 ErrorLevel:8, E_NOTICE: Undefined variable: config in E:\github\process\process\Workflow.php at line 79
2018-03-10 17:40:16 ErrorLevel:8, E_NOTICE: Undefined variable: config in E:\github\process\process\Workflow.php at line 80
2018-03-10 17:40:16 ErrorLevel:8, E_NOTICE: Undefined variable: config in E:\github\process\process\Workflow.php at line 81
2018-03-10 17:40:16 ErrorLevel:8, E_NOTICE: Undefined variable: config in E:\github\process\process\Workflow.php at line 82
2018-03-10 17:40:16 ErrorLevel:8, E_NOTICE: Undefined variable: attr in E:\github\process\process\tool\Medoo.php at line 204
2018-03-10 17:40:16 ErrorLevel:8, E_NOTICE: Undefined variable: attr in E:\github\process\process\tool\Medoo.php at line 206
2018-03-10 17:40:16 ErrorLevel:8, E_NOTICE: Undefined variable: attr in E:\github\process\process\tool\Medoo.php at line 210
2018-03-10 17:40:16 ErrorLevel:2, E_WARNING: Invalid argument supplied for foreach() in E:\github\process\process\tool\Medoo.php at line 210
2018-03-10 17:40:16 PDOException: could not find driver in E:\github\process\process\tool\Medoo.php:239
Stack trace:
#0 E:\github\process\process\Workflow.php(82): process\tool\Medoo->__construct(Array)
#1 E:\github\process\process\flow\FlowControl.php(171): process\Workflow::connectdb()
#2 E:\github\process\process\Workflow.php(58): process\flow\FlowControl::createFlow()
#3 E:\github\process\example\controller\IndexController.php(72): process\Workflow->createFlow()
#4 E:\github\process\ez\core\Application.php(39): example\controller\IndexController->addflowgo()
#5 E:\github\process\ez\core\Ez.php(90): ez\core\Application->run()
#6 E:\github\process\example\web\index.php(22): ez\core\Ez::start()
#7 {main}
2018-03-10 17:41:14 ErrorLevel:2, E_WARNING: implode(): Invalid arguments passed in E:\github\process\process\flow\FlowControl.php at line 170
2018-03-10 17:41:14 ErrorLevel:8, E_NOTICE: Undefined variable: config in E:\github\process\process\Workflow.php at line 75
2018-03-10 17:41:14 ErrorLevel:8, E_NOTICE: Undefined variable: config in E:\github\process\process\Workflow.php at line 76
2018-03-10 17:41:14 ErrorLevel:8, E_NOTICE: Undefined variable: config in E:\github\process\process\Workflow.php at line 77
2018-03-10 17:41:14 ErrorLevel:8, E_NOTICE: Undefined variable: config in E:\github\process\process\Workflow.php at line 78
2018-03-10 17:41:14 ErrorLevel:8, E_NOTICE: Undefined variable: config in E:\github\process\process\Workflow.php at line 79
2018-03-10 17:41:14 ErrorLevel:8, E_NOTICE: Undefined variable: config in E:\github\process\process\Workflow.php at line 80
2018-03-10 17:41:14 ErrorLevel:8, E_NOTICE: Undefined variable: config in E:\github\process\process\Workflow.php at line 81
2018-03-10 17:41:14 ErrorLevel:8, E_NOTICE: Undefined variable: config in E:\github\process\process\Workflow.php at line 82
2018-03-10 17:41:14 ErrorLevel:8, E_NOTICE: Undefined variable: attr in E:\github\process\process\tool\Medoo.php at line 204
2018-03-10 17:41:14 ErrorLevel:8, E_NOTICE: Undefined variable: attr in E:\github\process\process\tool\Medoo.php at line 206
2018-03-10 17:41:14 ErrorLevel:8, E_NOTICE: Undefined variable: attr in E:\github\process\process\tool\Medoo.php at line 210
2018-03-10 17:41:14 ErrorLevel:2, E_WARNING: Invalid argument supplied for foreach() in E:\github\process\process\tool\Medoo.php at line 210
2018-03-10 17:41:14 PDOException: could not find driver in E:\github\process\process\tool\Medoo.php:239
Stack trace:
#0 E:\github\process\process\Workflow.php(82): process\tool\Medoo->__construct(Array)
#1 E:\github\process\process\flow\FlowControl.php(171): process\Workflow::connectdb()
#2 E:\github\process\process\Workflow.php(58): process\flow\FlowControl::createFlow()
#3 E:\github\process\example\controller\IndexController.php(72): process\Workflow->createFlow()
#4 E:\github\process\ez\core\Application.php(39): example\controller\IndexController->addflowgo()
#5 E:\github\process\ez\core\Ez.php(90): ez\core\Application->run()
#6 E:\github\process\example\web\index.php(22): ez\core\Ez::start()
#7 {main}
2018-03-10 17:41:18 ErrorLevel:2, E_WARNING: The magic method __callStatic() must have public visibility and be static in E:\github\process\ez\core\Model.php at line 176
2018-03-10 17:41:18 ErrorLevel:8, E_NOTICE: Undefined variable: html in E:\github\process\ez\core\Model.php at line 388
2018-03-10 17:44:41 ErrorLevel:2, E_WARNING: The magic method __callStatic() must have public visibility and be static in E:\github\process\ez\core\Model.php at line 176
2018-03-10 17:44:42 ErrorLevel:2, E_WARNING: The magic method __callStatic() must have public visibility and be static in E:\github\process\ez\core\Model.php at line 176
2018-03-10 17:44:42 ErrorLevel:8, E_NOTICE: Undefined variable: html in E:\github\process\ez\core\Model.php at line 388
2018-03-10 17:45:15 ErrorLevel:2, E_WARNING: implode(): Invalid arguments passed in E:\github\process\process\flow\FlowControl.php at line 170
2018-03-10 17:45:15 ErrorLevel:8, E_NOTICE: Undefined variable: config in E:\github\process\process\Workflow.php at line 75
2018-03-10 17:45:15 ErrorLevel:8, E_NOTICE: Undefined variable: config in E:\github\process\process\Workflow.php at line 76
2018-03-10 17:45:15 ErrorLevel:8, E_NOTICE: Undefined variable: config in E:\github\process\process\Workflow.php at line 77
2018-03-10 17:45:15 ErrorLevel:8, E_NOTICE: Undefined variable: config in E:\github\process\process\Workflow.php at line 78
2018-03-10 17:45:15 ErrorLevel:8, E_NOTICE: Undefined variable: config in E:\github\process\process\Workflow.php at line 79
2018-03-10 17:45:15 ErrorLevel:8, E_NOTICE: Undefined variable: config in E:\github\process\process\Workflow.php at line 80
2018-03-10 17:45:15 ErrorLevel:8, E_NOTICE: Undefined variable: config in E:\github\process\process\Workflow.php at line 81
2018-03-10 17:45:15 ErrorLevel:8, E_NOTICE: Undefined variable: config in E:\github\process\process\Workflow.php at line 82
2018-03-10 17:45:15 ErrorLevel:8, E_NOTICE: Undefined variable: attr in E:\github\process\process\tool\Medoo.php at line 204
2018-03-10 17:45:16 ErrorLevel:8, E_NOTICE: Undefined variable: attr in E:\github\process\process\tool\Medoo.php at line 206
2018-03-10 17:45:16 ErrorLevel:8, E_NOTICE: Undefined variable: attr in E:\github\process\process\tool\Medoo.php at line 210
2018-03-10 17:45:16 ErrorLevel:2, E_WARNING: Invalid argument supplied for foreach() in E:\github\process\process\tool\Medoo.php at line 210
2018-03-10 17:45:16 PDOException: could not find driver in E:\github\process\process\tool\Medoo.php:239
Stack trace:
#0 E:\github\process\process\Workflow.php(82): process\tool\Medoo->__construct(Array)
#1 E:\github\process\process\flow\FlowControl.php(171): process\Workflow::connectdb()
#2 E:\github\process\process\Workflow.php(58): process\flow\FlowControl::createFlow()
#3 E:\github\process\example\controller\IndexController.php(72): process\Workflow->createFlow()
#4 E:\github\process\ez\core\Application.php(39): example\controller\IndexController->addflowgo()
#5 E:\github\process\ez\core\Ez.php(90): ez\core\Application->run()
#6 E:\github\process\example\web\index.php(22): ez\core\Ez::start()
#7 {main}
2018-03-10 17:46:52 ErrorLevel:2, E_WARNING: implode(): Invalid arguments passed in E:\github\process\process\flow\FlowControl.php at line 170
2018-03-10 17:46:52 ErrorLevel:8, E_NOTICE: Undefined variable: config in E:\github\process\process\Workflow.php at line 75
2018-03-10 17:46:52 ErrorLevel:8, E_NOTICE: Undefined variable: config in E:\github\process\process\Workflow.php at line 76
2018-03-10 17:46:52 ErrorLevel:8, E_NOTICE: Undefined variable: config in E:\github\process\process\Workflow.php at line 77
2018-03-10 17:46:52 ErrorLevel:8, E_NOTICE: Undefined variable: config in E:\github\process\process\Workflow.php at line 78
2018-03-10 17:46:52 ErrorLevel:8, E_NOTICE: Undefined variable: config in E:\github\process\process\Workflow.php at line 79
2018-03-10 17:46:52 ErrorLevel:8, E_NOTICE: Undefined variable: config in E:\github\process\process\Workflow.php at line 80
2018-03-10 17:46:52 ErrorLevel:8, E_NOTICE: Undefined variable: config in E:\github\process\process\Workflow.php at line 81
2018-03-10 17:46:52 ErrorLevel:8, E_NOTICE: Undefined variable: config in E:\github\process\process\Workflow.php at line 82
2018-03-10 17:46:52 ErrorLevel:8, E_NOTICE: Undefined variable: attr in E:\github\process\process\tool\Medoo.php at line 204
2018-03-10 17:46:52 ErrorLevel:8, E_NOTICE: Undefined variable: attr in E:\github\process\process\tool\Medoo.php at line 206
2018-03-10 17:46:52 ErrorLevel:8, E_NOTICE: Undefined variable: attr in E:\github\process\process\tool\Medoo.php at line 210
2018-03-10 17:46:52 ErrorLevel:2, E_WARNING: Invalid argument supplied for foreach() in E:\github\process\process\tool\Medoo.php at line 210
2018-03-10 17:46:52 PDOException: could not find driver in E:\github\process\process\tool\Medoo.php:239
Stack trace:
#0 E:\github\process\process\Workflow.php(82): process\tool\Medoo->__construct(Array)
#1 E:\github\process\process\flow\FlowControl.php(171): process\Workflow::connectdb()
#2 E:\github\process\process\Workflow.php(58): process\flow\FlowControl::createFlow()
#3 E:\github\process\example\controller\IndexController.php(72): process\Workflow->createFlow()
#4 E:\github\process\ez\core\Application.php(39): example\controller\IndexController->addflowgo()
#5 E:\github\process\ez\core\Ez.php(90): ez\core\Application->run()
#6 E:\github\process\example\web\index.php(22): ez\core\Ez::start()
#7 {main}
2018-03-10 17:53:04 ErrorLevel:2, E_WARNING: implode(): Invalid arguments passed in E:\github\process\process\flow\FlowControl.php at line 170
2018-03-10 17:53:04 ErrorLevel:2, E_WARNING: include(E:\github\process\process/../config.php): failed to open stream: No such file or directory in E:\github\process\process\Workflow.php at line 74
2018-03-10 17:53:04 ErrorLevel:2, E_WARNING: include(): Failed opening 'E:\github\process\process/../config.php' for inclusion (include_path='.;C:\php\pear') in E:\github\process\process\Workflow.php at line 74
2018-03-10 17:53:04 ErrorLevel:8, E_NOTICE: Undefined variable: attr in E:\github\process\process\tool\Medoo.php at line 204
2018-03-10 17:53:04 ErrorLevel:8, E_NOTICE: Undefined variable: attr in E:\github\process\process\tool\Medoo.php at line 206
2018-03-10 17:53:04 ErrorLevel:8, E_NOTICE: Undefined variable: attr in E:\github\process\process\tool\Medoo.php at line 210
2018-03-10 17:53:04 ErrorLevel:2, E_WARNING: Invalid argument supplied for foreach() in E:\github\process\process\tool\Medoo.php at line 210
2018-03-10 17:53:04 PDOException: could not find driver in E:\github\process\process\tool\Medoo.php:239
Stack trace:
#0 E:\github\process\process\Workflow.php(83): process\tool\Medoo->__construct(Array)
#1 E:\github\process\process\flow\FlowControl.php(171): process\Workflow::connectdb()
#2 E:\github\process\process\Workflow.php(58): process\flow\FlowControl::createFlow()
#3 E:\github\process\example\controller\IndexController.php(72): process\Workflow->createFlow()
#4 E:\github\process\ez\core\Application.php(39): example\controller\IndexController->addflowgo()
#5 E:\github\process\ez\core\Ez.php(90): ez\core\Application->run()
#6 E:\github\process\example\web\index.php(22): ez\core\Ez::start()
#7 {main}
2018-03-10 17:53:09 ErrorLevel:2, E_WARNING: implode(): Invalid arguments passed in E:\github\process\process\flow\FlowControl.php at line 170
2018-03-10 17:53:09 ErrorLevel:2, E_WARNING: include(E:\github\process\process/../config.php): failed to open stream: No such file or directory in E:\github\process\process\Workflow.php at line 74
2018-03-10 17:53:09 ErrorLevel:2, E_WARNING: include(): Failed opening 'E:\github\process\process/../config.php' for inclusion (include_path='.;C:\php\pear') in E:\github\process\process\Workflow.php at line 74
2018-03-10 17:53:09 ErrorLevel:8, E_NOTICE: Undefined variable: attr in E:\github\process\process\tool\Medoo.php at line 204
2018-03-10 17:53:09 ErrorLevel:8, E_NOTICE: Undefined variable: attr in E:\github\process\process\tool\Medoo.php at line 206
2018-03-10 17:53:09 ErrorLevel:8, E_NOTICE: Undefined variable: attr in E:\github\process\process\tool\Medoo.php at line 210
2018-03-10 17:53:09 ErrorLevel:2, E_WARNING: Invalid argument supplied for foreach() in E:\github\process\process\tool\Medoo.php at line 210
2018-03-10 17:53:09 PDOException: could not find driver in E:\github\process\process\tool\Medoo.php:239
Stack trace:
#0 E:\github\process\process\Workflow.php(83): process\tool\Medoo->__construct(Array)
#1 E:\github\process\process\flow\FlowControl.php(171): process\Workflow::connectdb()
#2 E:\github\process\process\Workflow.php(58): process\flow\FlowControl::createFlow()
#3 E:\github\process\example\controller\IndexController.php(72): process\Workflow->createFlow()
#4 E:\github\process\ez\core\Application.php(39): example\controller\IndexController->addflowgo()
#5 E:\github\process\ez\core\Ez.php(90): ez\core\Application->run()
#6 E:\github\process\example\web\index.php(22): ez\core\Ez::start()
#7 {main}
2018-03-10 17:53:24 ErrorLevel:2, E_WARNING: implode(): Invalid arguments passed in E:\github\process\process\flow\FlowControl.php at line 170
2018-03-10 18:00:41 ErrorLevel:2, E_WARNING: implode(): Invalid arguments passed in E:\github\process\process\flow\FlowControl.php at line 170
2018-03-10 18:06:06 ErrorLevel:2, E_WARNING: implode(): Invalid arguments passed in E:\github\process\process\flow\FlowControl.php at line 170
2018-03-10 18:06:26 ErrorLevel:2, E_WARNING: implode(): Invalid arguments passed in E:\github\process\process\flow\FlowControl.php at line 170
2018-03-10 18:10:48 ErrorLevel:2, E_WARNING: implode(): Invalid arguments passed in E:\github\process\process\flow\FlowControl.php at line 170
2018-03-10 18:14:34 ErrorLevel:2, E_WARNING: implode(): Invalid arguments passed in E:\github\process\process\flow\FlowControl.php at line 170
